<?xml version="1.0" encoding="UTF-8"?>
<!-- Generated by org.testng.reporters.JUnitXMLReporter -->
<testsuite ignored="0" hostname="SUNILs-MacBook-Pro.local" failures="0" tests="7" name="testngTest" time="23.58" errors="0" timestamp="2022-02-20T11:04:54 IST">
  <testcase classname="GreatLearning.DemoTest.Registration" name="LaunchingApplication" time="13.184"/>
  <testcase classname="GreatLearning.DemoTest.Registration" name="verifyingBasicInformationPageAndEnteringData" time="1.406"/>
  <testcase classname="GreatLearning.DemoTest.Registration" name="verifyingProfessionalDetailsPageAndEnteringData" time="1.461"/>
  <testcase classname="GreatLearning.DemoTest.Registration" name="verifyingUerProgrammingExperiancePageAndEnteringData" time="1.484"/>
  <testcase classname="GreatLearning.DemoTest.Registration" name="verifyingUserEducationPageAndEnteringData" time="0.899"/>
  <testcase classname="GreatLearning.DemoTest.Registration" name="verifyingLinkedinProfileEnterTextAndEnteringData" time="1.336"/>
  <testcase classname="GreatLearning.DemoTest.Registration" name="verifyingLFinalSubmission" time="3.502"/>
</testsuite> <!-- testngTest -->
