<?xml version="1.0" encoding="UTF-8"?>
<testsuite xmlns:xsi="http://www.w3.org/2001/XMLSchema-instance" xsi:noNamespaceSchemaLocation="https://maven.apache.org/surefire/maven-surefire-plugin/xsd/surefire-test-report.xsd" name="TestSuite" time="29" tests="7" errors="0" skipped="0" failures="0">
  <properties>
[...]
</properties>
  <testcase name="LaunchingApplication" classname="GreatLearning.DemoTest.Registration" time="13.186"/>
  <testcase name="verifyingBasicInformationPageAndEnteringData" classname="GreatLearning.DemoTest.Registration" time="1.406"/>
  <testcase name="verifyingProfessionalDetailsPageAndEnteringData" classname="GreatLearning.DemoTest.Registration" time="1.462"/>
  <testcase name="verifyingUerProgrammingExperiancePageAndEnteringData" classname="GreatLearning.DemoTest.Registration" time="1.485"/>
  <testcase name="verifyingUserEducationPageAndEnteringData" classname="GreatLearning.DemoTest.Registration" time="0.9"/>
  <testcase name="verifyingLinkedinProfileEnterTextAndEnteringData" classname="GreatLearning.DemoTest.Registration" time="1.335"/>
  <testcase name="verifyingLFinalSubmission" classname="GreatLearning.DemoTest.Registration" time="3.502"/>
</testsuite>