<?xml version="1.0" encoding="UTF-8"?>
<testng-results ignored="0" total="7" passed="7" failed="0" skipped="0">
  <reporter-output>
  </reporter-output>
  <suite started-at="2022-02-20T11:04:26 IST" name="DemoTest" finished-at="2022-02-20T11:04:49 IST" duration-ms="23580">
    <groups>
    </groups>
    <test started-at="2022-02-20T11:04:26 IST" name="testngTest" finished-at="2022-02-20T11:04:49 IST" duration-ms="23580">
      <class name="GreatLearning.DemoTest.Registration">
        <test-method is-config="true" signature="startReport(java.lang.String)[pri:0, instance:GreatLearning.DemoTest.Registration@6295d394]" started-at="2022-02-20T11:04:26 IST" name="startReport" finished-at="2022-02-20T11:04:26 IST" duration-ms="103" status="PASS">
          <params>
            <param index="0">
              <value>
                <![CDATA[chrome]]>
              </value>
            </param>
          </params>
          <reporter-output>
          </reporter-output>
        </test-method> <!-- startReport -->
        <test-method signature="LaunchingApplication(java.lang.String)[pri:0, instance:GreatLearning.DemoTest.Registration@6295d394]" started-at="2022-02-20T11:04:26 IST" name="LaunchingApplication" finished-at="2022-02-20T11:04:39 IST" duration-ms="13184" status="PASS">
          <params>
            <param index="0">
              <value>
                <![CDATA[chrome]]>
              </value>
            </param>
          </params>
          <reporter-output>
          </reporter-output>
        </test-method> <!-- LaunchingApplication -->
        <test-method is-config="true" signature="getResult(org.testng.ITestResult)[pri:0, instance:GreatLearning.DemoTest.Registration@6295d394]" started-at="2022-02-20T11:04:39 IST" name="getResult" finished-at="2022-02-20T11:04:39 IST" duration-ms="2" status="PASS">
          <params>
            <param index="0">
              <value>
                <![CDATA[[TestResult name=LaunchingApplication status=SUCCESS method=Registration.LaunchingApplication(java.lang.String)[pri:0, instance:GreatLearning.DemoTest.Registration@6295d394] output={null}]]]>
              </value>
            </param>
          </params>
          <reporter-output>
          </reporter-output>
        </test-method> <!-- getResult -->
        <test-method signature="verifyingBasicInformationPageAndEnteringData()[pri:1, instance:GreatLearning.DemoTest.Registration@6295d394]" started-at="2022-02-20T11:04:39 IST" name="verifyingBasicInformationPageAndEnteringData" finished-at="2022-02-20T11:04:40 IST" duration-ms="1406" status="PASS">
          <reporter-output>
          </reporter-output>
        </test-method> <!-- verifyingBasicInformationPageAndEnteringData -->
        <test-method is-config="true" signature="getResult(org.testng.ITestResult)[pri:0, instance:GreatLearning.DemoTest.Registration@6295d394]" started-at="2022-02-20T11:04:40 IST" name="getResult" finished-at="2022-02-20T11:04:40 IST" duration-ms="2" status="PASS">
          <params>
            <param index="0">
              <value>
                <![CDATA[[TestResult name=verifyingBasicInformationPageAndEnteringData status=SUCCESS method=Registration.verifyingBasicInformationPageAndEnteringData()[pri:1, instance:GreatLearning.DemoTest.Registration@6295d394] output={null}]]]>
              </value>
            </param>
          </params>
          <reporter-output>
          </reporter-output>
        </test-method> <!-- getResult -->
        <test-method signature="verifyingProfessionalDetailsPageAndEnteringData()[pri:2, instance:GreatLearning.DemoTest.Registration@6295d394]" started-at="2022-02-20T11:04:40 IST" name="verifyingProfessionalDetailsPageAndEnteringData" finished-at="2022-02-20T11:04:42 IST" duration-ms="1461" status="PASS">
          <reporter-output>
          </reporter-output>
        </test-method> <!-- verifyingProfessionalDetailsPageAndEnteringData -->
        <test-method is-config="true" signature="getResult(org.testng.ITestResult)[pri:0, instance:GreatLearning.DemoTest.Registration@6295d394]" started-at="2022-02-20T11:04:42 IST" name="getResult" finished-at="2022-02-20T11:04:42 IST" duration-ms="0" status="PASS">
          <params>
            <param index="0">
              <value>
                <![CDATA[[TestResult name=verifyingProfessionalDetailsPageAndEnteringData status=SUCCESS method=Registration.verifyingProfessionalDetailsPageAndEnteringData()[pri:2, instance:GreatLearning.DemoTest.Registration@6295d394] output={null}]]]>
              </value>
            </param>
          </params>
          <reporter-output>
          </reporter-output>
        </test-method> <!-- getResult -->
        <test-method signature="verifyingUerProgrammingExperiancePageAndEnteringData()[pri:3, instance:GreatLearning.DemoTest.Registration@6295d394]" started-at="2022-02-20T11:04:42 IST" name="verifyingUerProgrammingExperiancePageAndEnteringData" finished-at="2022-02-20T11:04:43 IST" duration-ms="1484" status="PASS">
          <reporter-output>
          </reporter-output>
        </test-method> <!-- verifyingUerProgrammingExperiancePageAndEnteringData -->
        <test-method signature="verifyingUserEducationPageAndEnteringData()[pri:3, instance:GreatLearning.DemoTest.Registration@6295d394]" started-at="2022-02-20T11:04:43 IST" name="verifyingUserEducationPageAndEnteringData" finished-at="2022-02-20T11:04:44 IST" duration-ms="899" status="PASS">
          <reporter-output>
          </reporter-output>
        </test-method> <!-- verifyingUserEducationPageAndEnteringData -->
        <test-method is-config="true" signature="getResult(org.testng.ITestResult)[pri:0, instance:GreatLearning.DemoTest.Registration@6295d394]" started-at="2022-02-20T11:04:43 IST" name="getResult" finished-at="2022-02-20T11:04:43 IST" duration-ms="0" status="PASS">
          <params>
            <param index="0">
              <value>
                <![CDATA[[TestResult name=verifyingUerProgrammingExperiancePageAndEnteringData status=SUCCESS method=Registration.verifyingUerProgrammingExperiancePageAndEnteringData()[pri:3, instance:GreatLearning.DemoTest.Registration@6295d394] output={null}]]]>
              </value>
            </param>
          </params>
          <reporter-output>
          </reporter-output>
        </test-method> <!-- getResult -->
        <test-method is-config="true" signature="getResult(org.testng.ITestResult)[pri:0, instance:GreatLearning.DemoTest.Registration@6295d394]" started-at="2022-02-20T11:04:44 IST" name="getResult" finished-at="2022-02-20T11:04:44 IST" duration-ms="2" status="PASS">
          <params>
            <param index="0">
              <value>
                <![CDATA[[TestResult name=verifyingUserEducationPageAndEnteringData status=SUCCESS method=Registration.verifyingUserEducationPageAndEnteringData()[pri:3, instance:GreatLearning.DemoTest.Registration@6295d394] output={null}]]]>
              </value>
            </param>
          </params>
          <reporter-output>
          </reporter-output>
        </test-method> <!-- getResult -->
        <test-method signature="verifyingLinkedinProfileEnterTextAndEnteringData()[pri:4, instance:GreatLearning.DemoTest.Registration@6295d394]" started-at="2022-02-20T11:04:44 IST" name="verifyingLinkedinProfileEnterTextAndEnteringData" finished-at="2022-02-20T11:04:46 IST" duration-ms="1336" status="PASS">
          <reporter-output>
          </reporter-output>
        </test-method> <!-- verifyingLinkedinProfileEnterTextAndEnteringData -->
        <test-method is-config="true" signature="getResult(org.testng.ITestResult)[pri:0, instance:GreatLearning.DemoTest.Registration@6295d394]" started-at="2022-02-20T11:04:46 IST" name="getResult" finished-at="2022-02-20T11:04:46 IST" duration-ms="0" status="PASS">
          <params>
            <param index="0">
              <value>
                <![CDATA[[TestResult name=verifyingLinkedinProfileEnterTextAndEnteringData status=SUCCESS method=Registration.verifyingLinkedinProfileEnterTextAndEnteringData()[pri:4, instance:GreatLearning.DemoTest.Registration@6295d394] output={null}]]]>
              </value>
            </param>
          </params>
          <reporter-output>
          </reporter-output>
        </test-method> <!-- getResult -->
        <test-method signature="verifyingLFinalSubmission()[pri:5, instance:GreatLearning.DemoTest.Registration@6295d394]" started-at="2022-02-20T11:04:46 IST" name="verifyingLFinalSubmission" finished-at="2022-02-20T11:04:49 IST" duration-ms="3502" status="PASS">
          <reporter-output>
          </reporter-output>
        </test-method> <!-- verifyingLFinalSubmission -->
        <test-method is-config="true" signature="getResult(org.testng.ITestResult)[pri:0, instance:GreatLearning.DemoTest.Registration@6295d394]" started-at="2022-02-20T11:04:49 IST" name="getResult" finished-at="2022-02-20T11:04:49 IST" duration-ms="0" status="PASS">
          <params>
            <param index="0">
              <value>
                <![CDATA[[TestResult name=verifyingLFinalSubmission status=SUCCESS method=Registration.verifyingLFinalSubmission()[pri:5, instance:GreatLearning.DemoTest.Registration@6295d394] output={null}]]]>
              </value>
            </param>
          </params>
          <reporter-output>
          </reporter-output>
        </test-method> <!-- getResult -->
        <test-method is-config="true" signature="tearDown()[pri:0, instance:GreatLearning.DemoTest.Registration@6295d394]" started-at="2022-02-20T11:04:49 IST" name="tearDown" finished-at="2022-02-20T11:04:49 IST" duration-ms="173" status="PASS">
          <reporter-output>
          </reporter-output>
        </test-method> <!-- tearDown -->
        <test-method is-config="true" signature="driverclose()[pri:0, instance:GreatLearning.DemoTest.Registration@6295d394]" started-at="2022-02-20T11:04:54 IST" name="driverclose" finished-at="2022-02-20T11:04:54 IST" duration-ms="113" status="PASS">
          <reporter-output>
          </reporter-output>
        </test-method> <!-- driverclose -->
      </class> <!-- GreatLearning.DemoTest.Registration -->
    </test> <!-- testngTest -->
  </suite> <!-- DemoTest -->
</testng-results>
